Loading BPF program from agent/../bpf/monitor.bpf.c...
In file included from <built-in>:2:
In file included from /virtual/include/bcc/bpf.h:12:
In file included from include/linux/types.h:6:
In file included from include/uapi/linux/types.h:14:
In file included from ./include/uapi/linux/posix_types.h:5:
In file included from include/linux/stddef.h:5:
In file included from include/uapi/linux/stddef.h:5:
In file included from include/linux/compiler_types.h:80:
include/linux/compiler-clang.h:41:9: warning: '__HAVE_BUILTIN_BSWAP32__' macro redefined [-Wmacro-redefined]
#define __HAVE_BUILTIN_BSWAP32__
        ^
<command line>:4:9: note: previous definition is here
#define __HAVE_BUILTIN_BSWAP32__ 1
        ^
In file included from <built-in>:2:
In file included from /virtual/include/bcc/bpf.h:12:
In file included from include/linux/types.h:6:
In file included from include/uapi/linux/types.h:14:
In file included from ./include/uapi/linux/posix_types.h:5:
In file included from include/linux/stddef.h:5:
In file included from include/uapi/linux/stddef.h:5:
In file included from include/linux/compiler_types.h:80:
include/linux/compiler-clang.h:42:9: warning: '__HAVE_BUILTIN_BSWAP64__' macro redefined [-Wmacro-redefined]
#define __HAVE_BUILTIN_BSWAP64__
        ^
<command line>:5:9: note: previous definition is here
#define __HAVE_BUILTIN_BSWAP64__ 1
        ^
In file included from <built-in>:2:
In file included from /virtual/include/bcc/bpf.h:12:
In file included from include/linux/types.h:6:
In file included from include/uapi/linux/types.h:14:
In file included from ./include/uapi/linux/posix_types.h:5:
In file included from include/linux/stddef.h:5:
In file included from include/uapi/linux/stddef.h:5:
In file included from include/linux/compiler_types.h:80:
include/linux/compiler-clang.h:43:9: warning: '__HAVE_BUILTIN_BSWAP16__' macro redefined [-Wmacro-redefined]
#define __HAVE_BUILTIN_BSWAP16__
        ^
<command line>:3:9: note: previous definition is here
#define __HAVE_BUILTIN_BSWAP16__ 1
        ^
3 warnings generated.
Ransomware monitor started (alert-only mode, action=simulate, perf pages=4096). Press Ctrl+C to stop.
[!] ALERT: Suspicious file open '.locked' detected from touch (PID 17438)
ALERT_JSON:{"alert_type": "suspicious_extension", "comm": "touch", "pid": 17438, "reason": "Suspicious extension", "run_id": "pos_touch_locked_r02", "severity": "medium", "ts": 1776810156.8416092}
[X] ACTION (simulate): touch (PID 17438) — Suspicious extension [severity=medium]
      [simulate] Would execute full EDR chain for PID 17438

Stopping monitor...
