Loading BPF program from agent/../bpf/monitor.bpf.c...
In file included from <built-in>:2:
In file included from /virtual/include/bcc/bpf.h:12:
In file included from include/linux/types.h:6:
In file included from include/uapi/linux/types.h:14:
In file included from ./include/uapi/linux/posix_types.h:5:
In file included from include/linux/stddef.h:5:
In file included from include/uapi/linux/stddef.h:5:
In file included from include/linux/compiler_types.h:80:
include/linux/compiler-clang.h:41:9: warning: '__HAVE_BUILTIN_BSWAP32__' macro redefined [-Wmacro-redefined]
#define __HAVE_BUILTIN_BSWAP32__
        ^
<command line>:4:9: note: previous definition is here
#define __HAVE_BUILTIN_BSWAP32__ 1
        ^
In file included from <built-in>:2:
In file included from /virtual/include/bcc/bpf.h:12:
In file included from include/linux/types.h:6:
In file included from include/uapi/linux/types.h:14:
In file included from ./include/uapi/linux/posix_types.h:5:
In file included from include/linux/stddef.h:5:
In file included from include/uapi/linux/stddef.h:5:
In file included from include/linux/compiler_types.h:80:
include/linux/compiler-clang.h:42:9: warning: '__HAVE_BUILTIN_BSWAP64__' macro redefined [-Wmacro-redefined]
#define __HAVE_BUILTIN_BSWAP64__
        ^
<command line>:5:9: note: previous definition is here
#define __HAVE_BUILTIN_BSWAP64__ 1
        ^
In file included from <built-in>:2:
In file included from /virtual/include/bcc/bpf.h:12:
In file included from include/linux/types.h:6:
In file included from include/uapi/linux/types.h:14:
In file included from ./include/uapi/linux/posix_types.h:5:
In file included from include/linux/stddef.h:5:
In file included from include/uapi/linux/stddef.h:5:
In file included from include/linux/compiler_types.h:80:
include/linux/compiler-clang.h:43:9: warning: '__HAVE_BUILTIN_BSWAP16__' macro redefined [-Wmacro-redefined]
#define __HAVE_BUILTIN_BSWAP16__
        ^
<command line>:3:9: note: previous definition is here
#define __HAVE_BUILTIN_BSWAP16__ 1
        ^
3 warnings generated.
Ransomware monitor started (alert-only mode, action=simulate, perf pages=4096). Press Ctrl+C to stop.
[!!!] ALERT: Potential ransomware behavior from python3 (PID 15672)
      High write frequency (21 in 1.0s) and high entropy (6.43)
ALERT_JSON:{"alert_type": "high_entropy_+_frequency", "avg_entropy": 6.429612301586748, "comm": "python3", "pid": 15672, "reason": "High entropy + Frequency", "run_id": "pos_dd_urandom_r02", "severity": "high", "ts": 1776810167.5361142}
[X] ACTION (simulate): python3 (PID 15672) — High entropy + Frequency [severity=high]
      [simulate] Would execute full EDR chain for PID 15672

Stopping monitor...
